2024-06-13T10:36:55.831Z INFO  Buy strategy  is Initail Volume Zero []
2024-06-13T10:36:55.839Z DEBUG wallet 3r5pHeojN6rRqT3iacTb31VT2oZp5jyChCthgPQxvxmf []
2024-06-13T10:37:06.043Z INFO  [object Object] []
2024-06-13T10:37:06.044Z INFO  initialBuy is zero 3rMM9jJXkT8rCrUCMUMXEwsArD35rJqcUJeodRRmpump  initialBuy 67062499.999999 []
2024-06-13T10:37:06.045Z INFO  Successfully Parsed Token Data using constructor from new Mint Info [object Object] []
2024-06-13T10:37:06.065Z INFO  [object Object] []
2024-06-13T10:37:06.066Z INFO  initialBuy is not zero 4nxpCBz2B3KK1bZy2J9VscoreBNs9ZZGhQZSP7Mcpump  initialBuy 2853723.404255 []
2024-06-13T10:37:07.183Z INFO  Success Setting Token Info []
2024-06-13T10:37:07.186Z INFO  create_associated_token_account recieved in subscribeAppEvents []
2024-06-13T10:37:09.919Z INFO  [object Object] []
2024-06-13T10:37:18.849Z INFO  [object Object] []
2024-06-13T10:37:35.323Z INFO  [object Object] []
2024-06-13T10:37:37.981Z INFO  [object Object] []
2024-06-13T10:37:38.317Z INFO  [object Object] []
2024-06-13T10:37:42.789Z INFO  [object Object] []
2024-06-13T10:37:43.718Z INFO  [object Object] []
2024-06-13T10:37:46.865Z INFO  [object Object] []
2024-06-13T10:37:49.900Z INFO  [object Object] []
2024-06-13T10:37:54.312Z INFO  [object Object] []
2024-06-13T10:48:49.046Z INFO  Buy strategy  is Initail Volume Zero []
2024-06-13T10:48:49.051Z DEBUG wallet 3r5pHeojN6rRqT3iacTb31VT2oZp5jyChCthgPQxvxmf []
2024-06-13T10:48:55.744Z INFO  [object Object] []
2024-06-13T10:48:55.745Z INFO  initialBuy is zero B2fQ1cjfzCVvDzD4bABEHBvXfWi8iGWFfrkktW7cpump  initialBuy 51095238.095238 []
2024-06-13T10:48:55.746Z INFO  Successfully Parsed Token Data using constructor from new Mint Info [object Object] []
2024-06-13T10:48:56.400Z INFO  [object Object] []
2024-06-13T10:48:56.401Z INFO  initialBuy is not zero 3QEkAZQUUNo1x7xzEojoQSvszrvXFFCAFnTR2WG1pump  initialBuy 67062499.999999 []
2024-06-13T10:48:56.990Z INFO  Success Setting Token Info []
2024-06-13T10:48:56.994Z INFO  create_associated_token_account recieved in subscribeAppEvents []
2024-06-13T10:49:13.421Z INFO  [object Object] []
2024-06-13T10:49:14.062Z INFO  [object Object] []
2024-06-13T10:49:30.283Z INFO  [object Object] []
2024-06-13T10:49:30.934Z INFO  [object Object] []
2024-06-13T10:49:39.663Z INFO  [object Object] []
2024-06-13T10:49:45.756Z INFO  [object Object] []
2024-06-13T10:54:06.204Z INFO  Buy strategy  is Initail Volume Zero []
2024-06-13T10:54:06.209Z DEBUG wallet 3r5pHeojN6rRqT3iacTb31VT2oZp5jyChCthgPQxvxmf []
2024-06-13T10:54:14.557Z INFO  [object Object] []
2024-06-13T10:54:14.558Z INFO  initialBuy is zero 64PMSTM2K1duwTfhUMnkhZWZV2ypEqqZ3Y57AwXppump  initialBuy 97545454.545454 []
2024-06-13T10:54:14.558Z INFO  Successfully Parsed Token Data using constructor from new Mint Info [object Object] []
2024-06-13T10:54:17.482Z INFO  Success Setting Token Info []
2024-06-13T10:54:17.487Z INFO  create_associated_token_account recieved in subscribeAppEvents []
2024-06-13T11:02:49.137Z INFO  Buy strategy  is Initail Volume Zero []
2024-06-13T11:02:49.145Z DEBUG wallet 3r5pHeojN6rRqT3iacTb31VT2oZp5jyChCthgPQxvxmf []
2024-06-13T11:02:53.502Z INFO  [object Object] []
2024-06-13T11:02:53.503Z INFO  initialBuy is zero 9j4hrTQu9r1PVohg7SpyKRBB1YVZ6Y8GUTEWA93xpump  initialBuy 153285714.285714 []
2024-06-13T11:02:53.503Z INFO  Successfully Parsed Token Data using constructor from new Mint Info [object Object] []
2024-06-13T11:02:54.775Z INFO  Success Setting Token Info []
2024-06-13T11:02:54.775Z INFO  create_associated_token_account recieved in subscribeAppEvents []
2024-06-13T11:02:55.056Z ERROR Error creating associated token account from Helius [{}]
2024-06-13T11:04:52.956Z INFO  Buy strategy  is Initail Volume Zero []
2024-06-13T11:04:52.960Z DEBUG wallet 3r5pHeojN6rRqT3iacTb31VT2oZp5jyChCthgPQxvxmf []
2024-06-13T11:05:05.173Z INFO  [object Object] []
2024-06-13T11:05:05.174Z INFO  initialBuy is zero Hz4NxxAgAqN6MLqNguu3o8wnzyGoYGvTZ35UX7m4pump  initialBuy 34612903.225806 []
2024-06-13T11:05:05.175Z INFO  Successfully Parsed Token Data using constructor from new Mint Info [object Object] []
2024-06-13T11:05:06.792Z INFO  Success Setting Token Info []
2024-06-13T11:05:06.793Z INFO  create_associated_token_account recieved in subscribeAppEvents []
2024-06-13T11:05:06.802Z ERROR Error creating associated token account from Helius [{}]
2024-06-13T11:05:31.614Z INFO  [object Object] []
2024-06-13T11:05:31.615Z INFO  [object Object] []
2024-06-13T11:05:31.616Z INFO  [object Object] []
2024-06-13T11:05:31.617Z INFO  [object Object] []
2024-06-13T11:05:31.617Z INFO  [object Object] []
2024-06-13T11:05:32.615Z ERROR Error creating associated token account from Helius [{}]
2024-06-13T11:05:35.761Z INFO  [object Object] []
2024-06-13T11:05:36.741Z ERROR Error creating associated token account from Helius [{}]
2024-06-13T11:05:50.362Z INFO  [object Object] []
2024-06-13T11:05:50.363Z INFO  [object Object] []
2024-06-13T11:05:51.358Z ERROR Error creating associated token account from Helius [{}]
2024-06-13T11:05:54.641Z INFO  [object Object] []
2024-06-13T11:05:58.788Z INFO  [object Object] []
2024-06-13T11:05:58.807Z INFO  [object Object] []
2024-06-13T11:05:59.793Z INFO  [object Object] []
2024-06-13T11:06:04.419Z INFO  [object Object] []
2024-06-13T11:06:33.617Z INFO  Buy strategy  is Initail Volume Zero []
2024-06-13T11:06:33.622Z DEBUG wallet 3r5pHeojN6rRqT3iacTb31VT2oZp5jyChCthgPQxvxmf []
2024-06-13T11:06:34.873Z INFO  [object Object] []
2024-06-13T11:06:34.874Z INFO  initialBuy is zero 22A9RtCdZa8H39bwbU3RByR4wr27z2LeL7MbL8w7pump  initialBuy 654948051.948051 []
2024-06-13T11:06:34.874Z INFO  Successfully Parsed Token Data using constructor from new Mint Info [object Object] []
2024-06-13T11:06:36.259Z ERROR Failed to get Assocaited Bonding Curve from Signatsure 4FJzTJ6hMFsJS8hbcxhNA23UsCUyBHQnFqXhV7NnGsNwNdrk5mX9bV2V8HERgtvhdRuKN7u4Cm5WRDBFMgbjeSYR []
2024-06-13T11:07:05.878Z INFO  [object Object] []
2024-06-13T11:07:05.880Z INFO  initialBuy is not zero 2EL4EvNmk6AJGRntm8rCbpK6VwcJ5PyJvcGbVkLopump  initialBuy 60735849.056603 []
2024-06-13T11:07:08.267Z INFO  [object Object] []
2024-06-13T11:07:08.268Z INFO  initialBuy is not zero hGhtqzvZZMq83VzbUxfYn6NfNbQcEP45WcqMqJ7pump  initialBuy 63909090.90909 []
2024-06-13T11:07:15.525Z INFO  [object Object] []
2024-06-13T11:07:15.526Z INFO  initialBuy is not zero E1cx23x47ksJHBJntx2vniVNBwK9AAizFAfhNvykrE5g  initialBuy 51458809.469429 []
2024-06-13T11:07:22.045Z INFO  [object Object] []
2024-06-13T11:07:22.046Z INFO  initialBuy is not zero 7ykzSUTgmgcogJ961RnpM1oFCuvVKHdrRcpooJrfpump  initialBuy 54329113.92405 []
2024-06-13T11:07:24.729Z INFO  [object Object] []
2024-06-13T11:07:24.730Z INFO  initialBuy is not zero 62CD4T128peMEZKCcHfwAofPewfBGkeQ63AppLwqpump  initialBuy 51095238.095238 []
2024-06-13T11:07:24.754Z INFO  [object Object] []
2024-06-13T11:07:24.754Z INFO  initialBuy is not zero ESzQD3ux1nguyGRwtfUoR5Av4zUByEFTP1egAgpSpump  initialBuy 41269230.76923 []
2024-06-13T11:07:40.119Z INFO  Buy strategy  is Initail Volume Zero []
2024-06-13T11:07:40.124Z DEBUG wallet 3r5pHeojN6rRqT3iacTb31VT2oZp5jyChCthgPQxvxmf []
2024-06-13T11:07:47.343Z INFO  [object Object] []
2024-06-13T11:07:47.344Z INFO  initialBuy is zero E5jz9N6M1tMpHyZaDvB3gt6ouwAUcG2ENv26Jgj7pump  initialBuy 17590163.934426 []
2024-06-13T11:07:47.345Z INFO  Successfully Parsed Token Data using constructor from new Mint Info [object Object] []
2024-06-13T11:07:49.594Z INFO  Success Setting Token Info []
2024-06-13T11:07:49.596Z INFO  create_associated_token_account recieved in subscribeAppEvents []
2024-06-13T11:07:51.878Z INFO  [object Object] []
2024-06-13T11:07:52.231Z INFO  [object Object] []
2024-06-13T11:08:00.451Z ERROR Error creating associated token account from QuickNode [{"name":"TokenAccountNotFoundError"}]
2024-06-13T11:08:06.009Z INFO  [object Object] []
2024-06-13T11:08:35.983Z INFO  [object Object] []
2024-06-13T11:08:35.983Z INFO  [object Object] []
2024-06-13T11:08:35.984Z INFO  [object Object] []
2024-06-13T11:08:35.985Z INFO  [object Object] []
2024-06-13T11:08:35.985Z INFO  [object Object] []
2024-06-13T11:10:09.204Z INFO  Buy strategy  is Initail Volume Zero []
2024-06-13T11:10:09.209Z DEBUG wallet 3r5pHeojN6rRqT3iacTb31VT2oZp5jyChCthgPQxvxmf []
2024-06-13T11:10:23.051Z INFO  [object Object] []
2024-06-13T11:10:23.052Z INFO  initialBuy is zero GkKxBmYqqF6o2kDRaiVxBBqKDD1cLqE2JgH95Ytepump  initialBuy 97545454.545454 []
2024-06-13T11:10:23.052Z INFO  Successfully Parsed Token Data using constructor from new Mint Info [object Object] []
2024-06-13T11:10:23.062Z INFO  [object Object] []
2024-06-13T11:10:23.063Z INFO  initialBuy is not zero oNU67VDPP9aUYoziPqca8XPskAqwsF7bvkCEts4pump  initialBuy 67062499.999999 []
2024-06-13T11:10:24.030Z INFO  Success Setting Token Info []
2024-06-13T11:10:24.031Z INFO  create_associated_token_account recieved in subscribeAppEvents []
2024-06-13T11:10:29.470Z INFO  [object Object] []
2024-06-13T11:10:31.841Z INFO  [object Object] []
2024-06-13T11:10:31.894Z INFO  [object Object] []
2024-06-13T11:10:41.529Z INFO  [object Object] []
2024-06-13T11:10:41.533Z INFO  [object Object] []
2024-06-13T11:10:54.247Z INFO  [object Object] []
2024-06-13T11:10:56.519Z INFO  [object Object] []
2024-06-13T11:10:58.592Z INFO  [object Object] []
2024-06-13T11:12:34.294Z INFO  Buy strategy  is Initail Volume Zero []
2024-06-13T11:12:34.299Z DEBUG wallet 3r5pHeojN6rRqT3iacTb31VT2oZp5jyChCthgPQxvxmf []
2024-06-13T11:12:36.729Z INFO  [object Object] []
2024-06-13T11:12:36.730Z INFO  initialBuy is zero FyP5D9zgCrdvvi8fnpJxRr1a4XDuqk9WzysvRHXSpump  initialBuy 675592592.592592 []
2024-06-13T11:12:36.731Z INFO  Successfully Parsed Token Data using constructor from new Mint Info [object Object] []
2024-06-13T11:12:38.236Z INFO  Success Setting Token Info []
2024-06-13T11:12:38.240Z INFO  create_associated_token_account recieved in subscribeAppEvents []
2024-06-13T11:12:43.985Z INFO  [object Object] []
2024-06-13T11:14:47.466Z INFO  [object Object] []
2024-06-13T11:14:47.468Z INFO  [object Object] []
2024-06-13T11:14:47.469Z INFO  [object Object] []
2024-06-13T11:14:47.469Z INFO  [object Object] []
2024-06-13T11:14:47.470Z INFO  [object Object] []
2024-06-13T11:14:47.472Z INFO  [object Object] []
2024-06-13T11:14:47.472Z INFO  [object Object] []
2024-06-13T11:14:47.473Z INFO  [object Object] []
2024-06-13T11:14:47.473Z INFO  [object Object] []
2024-06-13T11:14:47.473Z INFO  [object Object] []
2024-06-13T11:14:47.474Z INFO  [object Object] []
2024-06-13T11:14:47.474Z INFO  [object Object] []
2024-06-13T11:15:00.467Z INFO  Buy strategy  is Initail Volume Zero []
2024-06-13T11:15:00.471Z DEBUG wallet 3r5pHeojN6rRqT3iacTb31VT2oZp5jyChCthgPQxvxmf []
2024-06-13T11:15:01.400Z INFO  [object Object] []
2024-06-13T11:15:01.401Z INFO  initialBuy is zero 7WGpbTiMDbV6x738C6A2BYU2zP1rhr7k82WedaUW26zt  initialBuy 34612903.225806 []
2024-06-13T11:15:01.401Z INFO  Successfully Parsed Token Data using constructor from new Mint Info [object Object] []
2024-06-13T11:15:03.704Z INFO  Success Setting Token Info []
2024-06-13T11:15:03.708Z INFO  create_associated_token_account recieved in subscribeAppEvents []
2024-06-13T11:15:09.462Z INFO  [object Object] []
2024-06-13T11:15:09.745Z ERROR Error creating associated token account from QuickNode [{"name":"TokenAccountNotFoundError"}]
2024-06-13T11:15:38.965Z INFO  [object Object] []
2024-06-13T11:15:38.965Z INFO  [object Object] []
2024-06-13T11:15:38.966Z INFO  [object Object] []
2024-06-13T11:15:38.966Z INFO  [object Object] []
2024-06-13T11:15:38.967Z INFO  [object Object] []
2024-06-13T11:15:38.967Z INFO  [object Object] []
2024-06-13T11:33:53.714Z INFO  Buy strategy  is Initail Volume Zero []
2024-06-13T11:33:53.719Z DEBUG wallet 3r5pHeojN6rRqT3iacTb31VT2oZp5jyChCthgPQxvxmf []
2024-06-13T11:33:57.861Z INFO  [object Object] []
2024-06-13T11:33:57.862Z INFO  initialBuy is zero 2vPLsn8DxJwWB2vMBhf8u7pMEmswyaoTgSGzWucRpump  initialBuy 67062499.999999 []
2024-06-13T11:33:57.863Z INFO  Successfully Parsed Token Data using constructor from new Mint Info [object Object] []
2024-06-13T11:33:58.599Z ERROR Failed to get Assocaited Bonding Curve from Signatsure KWB8beVCeeVjaTBqAK5nmpztLEWipVuRXjLoXZBBE4dA9edYXzbPa1iJC2yDRANZp6DyPjriC4giUeQ2SuZK8ky []
2024-06-13T11:34:01.342Z INFO  [object Object] []
2024-06-13T11:34:01.343Z INFO  initialBuy is not zero 5Am29uZmW7BjMygJ2SfvPmEXzzAdL1rgrcV5nPnqpump  initialBuy 14118421.052631 []
2024-06-13T11:34:02.391Z INFO  [object Object] []
2024-06-13T11:34:02.392Z INFO  initialBuy is not zero E426WtWmCxz3GQKqhGZaX7GrmRs9Jkn7EUaHVHMvpump  initialBuy 67062499.999999 []
2024-06-13T11:34:05.530Z INFO  [object Object] []
2024-06-13T11:34:05.532Z INFO  initialBuy is not zero 6mLfygFSJwcAmYPCbXoRJRUXDZ4qHTaVnR7jmgnipump  initialBuy 97545454.545454 []
2024-06-13T11:39:59.684Z INFO  Buy strategy  is Initail Volume Zero []
2024-06-13T11:39:59.691Z DEBUG wallet 3r5pHeojN6rRqT3iacTb31VT2oZp5jyChCthgPQxvxmf []
2024-06-13T11:40:02.857Z INFO  [object Object] []
2024-06-13T11:40:02.858Z INFO  initialBuy is zero FXSxpg4CbMBCziyxVqKvaX6QvpJ1btAC7n9Cds2hpump  initialBuy 51095238.095238 []
2024-06-13T11:40:02.859Z INFO  Successfully Parsed Token Data using constructor from new Mint Info [object Object] []
2024-06-13T11:40:04.243Z INFO  Success Setting Token Info []
2024-06-13T11:40:04.244Z INFO  create_associated_token_account recieved in subscribeAppEvents []
2024-06-13T11:40:05.872Z INFO  success from helius sdk in creating associated token account []
2024-06-13T11:43:35.577Z INFO  Buy strategy  is Initail Volume Zero []
2024-06-13T11:43:35.584Z DEBUG wallet 3r5pHeojN6rRqT3iacTb31VT2oZp5jyChCthgPQxvxmf []
2024-06-13T11:43:41.029Z INFO  [object Object] []
2024-06-13T11:43:41.030Z INFO  initialBuy is zero Ehkbv8AUUxRzs92e4pnvQBkhw1Tze59AHjV2DvA7pump  initialBuy 60735849.056603 []
2024-06-13T11:43:41.031Z INFO  Successfully Parsed Token Data using constructor from new Mint Info [object Object] []
2024-06-13T11:43:43.379Z INFO  Success Setting Token Info []
2024-06-13T11:43:43.381Z INFO  create_associated_token_account recieved in subscribeAppEvents []
2024-06-13T11:43:44.730Z ERROR error creating associated token from helius sdk Trying with QuickNode []
2024-06-13T11:43:47.982Z INFO  [object Object] []
2024-06-13T11:43:51.779Z INFO  [object Object] []
2024-06-13T11:44:02.243Z INFO  [object Object] []
2024-06-13T11:44:03.552Z INFO  [object Object] []
2024-06-13T11:45:23.391Z INFO  [object Object] []
2024-06-13T11:45:23.392Z INFO  [object Object] []
2024-06-13T11:45:23.392Z INFO  [object Object] []
2024-06-13T11:47:39.478Z INFO  Buy strategy  is Initail Volume Zero []
2024-06-13T11:47:39.483Z DEBUG wallet 3r5pHeojN6rRqT3iacTb31VT2oZp5jyChCthgPQxvxmf []
2024-06-13T11:47:48.560Z INFO  [object Object] []
2024-06-13T11:47:48.561Z INFO  initialBuy is zero 4j43sY895XbybGeBtKVggVufda2KYsttKkwtKdsUbt3N  initialBuy 714856.762158 []
2024-06-13T11:47:48.562Z INFO  Successfully Parsed Token Data using constructor from new Mint Info [object Object] []
2024-06-13T11:47:49.851Z INFO  Success Setting Token Info []
2024-06-13T11:47:49.855Z INFO  create_associated_token_account recieved in subscribeAppEvents []
2024-06-13T11:47:52.054Z ERROR error creating associated token from helius sdk Trying with QuickNode []
2024-06-13T11:47:54.327Z INFO  [object Object] []
2024-06-13T11:47:55.203Z INFO  [object Object] []
2024-06-13T11:47:58.527Z INFO  [object Object] []
2024-06-13T11:48:00.340Z INFO  [object Object] []
2024-06-13T11:48:02.111Z INFO  [object Object] []
2024-06-13T11:48:03.713Z INFO  [object Object] []
2024-06-13T11:48:09.386Z INFO  [object Object] []
2024-06-13T11:48:09.391Z INFO  [object Object] []
2024-06-13T11:48:12.521Z INFO  [object Object] []
2024-06-13T11:48:12.543Z INFO  [object Object] []
2024-06-13T11:48:26.807Z INFO  [object Object] []
2024-06-13T11:48:31.191Z INFO  [object Object] []
2024-06-13T11:48:31.208Z INFO  [object Object] []
2024-06-13T11:48:31.211Z INFO  [object Object] []
2024-06-13T11:48:35.885Z DEBUG execute_buy_trade recieved in subscribeAppEvents []
2024-06-13T11:48:35.890Z INFO  Success Buy Trade []
2024-06-13T11:48:36.697Z ERROR  Failed to get Buy trade information from Signature undefined []
2024-06-13T11:48:36.698Z DEBUG post_buy_trade recieved in subscribeAppEvents []
2024-06-13T11:48:40.283Z INFO  [object Object] []
2024-06-13T11:49:02.147Z INFO  [object Object] []
2024-06-13T11:49:09.448Z INFO  [object Object] []
2024-06-13T11:49:11.817Z INFO  [object Object] []
2024-06-13T11:49:15.982Z INFO  [object Object] []
2024-06-13T11:49:17.517Z INFO  [object Object] []
2024-06-13T11:49:25.772Z INFO  [object Object] []
2024-06-13T11:49:29.364Z INFO  [object Object] []
2024-06-13T11:49:35.511Z INFO  [object Object] []
2024-06-13T11:49:35.525Z INFO  [object Object] []
2024-06-13T11:49:57.206Z INFO  [object Object] []
2024-06-13T11:50:00.458Z INFO  [object Object] []
2024-06-13T11:50:04.984Z INFO  [object Object] []
2024-06-13T11:50:06.343Z INFO  [object Object] []
2024-06-13T11:50:11.606Z INFO  [object Object] []
2024-06-13T11:50:11.609Z INFO  [object Object] []
2024-06-13T11:50:26.638Z INFO  [object Object] []
2024-06-13T11:50:33.800Z INFO  [object Object] []
2024-06-13T11:50:44.139Z INFO  [object Object] []
2024-06-13T11:50:52.801Z INFO  [object Object] []
2024-06-13T11:50:55.638Z INFO  [object Object] []
2024-06-13T11:50:58.168Z INFO  [object Object] []
2024-06-13T11:51:06.061Z INFO  [object Object] []
2024-06-13T11:51:22.214Z INFO  [object Object] []
2024-06-13T11:51:22.526Z INFO  [object Object] []
2024-06-13T11:51:26.421Z INFO  [object Object] []
2024-06-13T11:51:34.770Z INFO  [object Object] []
2024-06-13T11:51:41.475Z INFO  [object Object] []
2024-06-13T11:51:43.039Z INFO  [object Object] []
2024-06-13T11:51:53.601Z INFO  [object Object] []
2024-06-13T11:51:54.172Z INFO  [object Object] []
2024-06-13T11:52:06.795Z INFO  [object Object] []
2024-06-13T11:52:10.071Z INFO  [object Object] []
2024-06-13T11:52:10.672Z INFO  [object Object] []
2024-06-13T11:52:15.012Z INFO  [object Object] []
2024-06-13T11:52:24.547Z INFO  [object Object] []
2024-06-13T11:52:32.011Z INFO  [object Object] []
2024-06-13T11:52:34.479Z INFO  [object Object] []
2024-06-13T11:52:50.161Z INFO  [object Object] []
2024-06-13T11:52:54.142Z INFO  [object Object] []
2024-06-13T11:53:04.375Z INFO  [object Object] []
2024-06-13T11:53:20.459Z INFO  [object Object] []
2024-06-13T11:53:35.969Z INFO  [object Object] []
2024-06-13T11:53:39.814Z INFO  [object Object] []
2024-06-13T11:53:41.903Z INFO  [object Object] []
2024-06-13T11:53:41.945Z INFO  [object Object] []
2024-06-13T11:53:51.145Z INFO  [object Object] []
2024-06-13T11:53:57.026Z INFO  [object Object] []
2024-06-13T11:53:57.449Z INFO  [object Object] []
2024-06-13T11:54:01.975Z INFO  [object Object] []
2024-06-13T11:54:04.376Z INFO  [object Object] []
2024-06-13T11:54:07.429Z INFO  [object Object] []
2024-06-13T11:54:16.124Z INFO  [object Object] []
2024-06-13T11:54:22.148Z INFO  [object Object] []
2024-06-13T11:54:31.916Z INFO  [object Object] []
2024-06-13T11:54:46.577Z INFO  [object Object] []
2024-06-13T11:54:49.292Z INFO  [object Object] []
2024-06-13T11:54:49.303Z INFO  [object Object] []
2024-06-13T11:54:54.433Z INFO  [object Object] []
2024-06-13T11:55:32.090Z INFO  [object Object] []
2024-06-13T11:55:32.225Z INFO  [object Object] []
2024-06-13T11:55:35.075Z INFO  [object Object] []
2024-06-13T11:55:37.295Z INFO  [object Object] []
2024-06-13T11:55:41.732Z INFO  [object Object] []
2024-06-13T11:55:59.029Z INFO  [object Object] []
2024-06-13T11:56:22.157Z INFO  [object Object] []
2024-06-13T11:56:22.579Z INFO  [object Object] []
2024-06-13T11:56:28.748Z INFO  [object Object] []
2024-06-13T11:56:34.863Z INFO  [object Object] []
2024-06-13T11:56:35.128Z INFO  [object Object] []
2024-06-13T11:56:37.731Z INFO  [object Object] []
2024-06-13T11:56:37.758Z INFO  [object Object] []
2024-06-13T11:56:43.454Z INFO  [object Object] []
2024-06-13T11:56:44.245Z INFO  [object Object] []
2024-06-13T11:57:08.880Z INFO  [object Object] []
2024-06-13T11:57:15.193Z INFO  [object Object] []
2024-06-13T11:57:16.388Z INFO  [object Object] []
2024-06-13T11:57:18.550Z INFO  [object Object] []
2024-06-13T11:57:21.365Z INFO  [object Object] []
2024-06-13T11:57:22.906Z INFO  [object Object] []
2024-06-13T11:57:25.417Z INFO  [object Object] []
2024-06-13T11:57:25.426Z INFO  [object Object] []
2024-06-13T11:57:26.320Z INFO  [object Object] []
2024-06-13T11:57:26.324Z INFO  [object Object] []
2024-06-13T11:57:30.245Z INFO  [object Object] []
2024-06-13T11:57:32.628Z INFO  [object Object] []
2024-06-13T11:57:37.892Z INFO  [object Object] []
2024-06-13T11:57:42.466Z INFO  [object Object] []
2024-06-13T11:57:46.177Z INFO  [object Object] []
2024-06-13T11:57:46.464Z INFO  [object Object] []
2024-06-13T11:57:47.453Z INFO  [object Object] []
2024-06-13T11:57:59.515Z INFO  [object Object] []
2024-06-13T11:58:00.808Z INFO  [object Object] []
2024-06-13T11:58:04.679Z INFO  [object Object] []
2024-06-13T11:58:06.667Z INFO  [object Object] []
2024-06-13T11:58:23.480Z INFO  [object Object] []
2024-06-13T11:58:25.107Z INFO  [object Object] []
2024-06-13T11:58:29.158Z INFO  [object Object] []
2024-06-13T11:58:43.274Z INFO  [object Object] []
2024-06-13T11:58:48.183Z INFO  [object Object] []
2024-06-13T11:58:49.205Z INFO  [object Object] []
2024-06-13T11:58:56.859Z INFO  [object Object] []
2024-06-13T11:58:59.977Z INFO  [object Object] []
2024-06-13T11:59:01.882Z INFO  [object Object] []
2024-06-13T11:59:06.879Z INFO  [object Object] []
2024-06-13T11:59:13.891Z INFO  [object Object] []
2024-06-13T11:59:22.159Z INFO  [object Object] []
2024-06-13T11:59:35.709Z INFO  [object Object] []
2024-06-13T11:59:35.720Z INFO  [object Object] []
2024-06-13T11:59:35.722Z INFO  [object Object] []
2024-06-13T11:59:50.197Z INFO  [object Object] []
2024-06-13T11:59:52.627Z INFO  [object Object] []
2024-06-13T11:59:59.543Z INFO  [object Object] []
2024-06-13T12:00:03.911Z INFO  [object Object] []
2024-06-13T12:00:15.421Z INFO  [object Object] []
2024-06-13T12:00:20.309Z INFO  [object Object] []
2024-06-13T12:00:26.799Z INFO  [object Object] []
2024-06-13T12:00:28.940Z INFO  [object Object] []
2024-06-13T12:00:32.866Z INFO  [object Object] []
2024-06-13T12:00:42.554Z INFO  [object Object] []
2024-06-13T12:00:50.132Z INFO  [object Object] []
2024-06-13T12:00:53.383Z INFO  [object Object] []
2024-06-13T12:01:01.212Z INFO  [object Object] []
2024-06-13T12:01:03.968Z INFO  [object Object] []
2024-06-13T12:01:13.717Z INFO  [object Object] []
2024-06-13T12:01:19.638Z INFO  [object Object] []
2024-06-13T12:01:24.839Z INFO  [object Object] []
2024-06-13T12:01:27.095Z INFO  [object Object] []
2024-06-13T12:01:36.036Z INFO  [object Object] []
2024-06-13T12:01:39.004Z INFO  [object Object] []
2024-06-13T12:01:40.961Z INFO  [object Object] []
2024-06-13T12:01:50.347Z INFO  [object Object] []
2024-06-13T12:01:55.378Z INFO  [object Object] []
2024-06-13T12:02:00.528Z INFO  [object Object] []
2024-06-13T12:02:04.356Z INFO  [object Object] []
2024-06-13T12:02:05.178Z INFO  [object Object] []
2024-06-13T12:02:09.001Z INFO  [object Object] []
2024-06-13T12:02:14.195Z INFO  [object Object] []
2024-06-13T12:02:14.200Z INFO  [object Object] []
2024-06-13T12:03:14.897Z INFO  [object Object] []
2024-06-13T12:03:15.850Z INFO  [object Object] []
2024-06-13T12:03:41.993Z INFO  [object Object] []
2024-06-13T12:03:45.000Z INFO  [object Object] []
2024-06-13T12:04:00.167Z INFO  [object Object] []
2024-06-13T12:04:01.609Z INFO  [object Object] []
2024-06-13T12:04:04.128Z INFO  [object Object] []
2024-06-13T12:04:17.364Z INFO  [object Object] []
2024-06-13T12:04:18.476Z INFO  [object Object] []
2024-06-13T12:04:19.349Z INFO  [object Object] []
2024-06-13T12:04:19.358Z INFO  [object Object] []
2024-06-13T12:04:25.564Z INFO  [object Object] []
2024-06-13T12:04:27.805Z INFO  [object Object] []
2024-06-13T12:04:30.182Z INFO  [object Object] []
2024-06-13T12:04:34.722Z INFO  [object Object] []
2024-06-13T12:04:39.267Z INFO  [object Object] []
2024-06-13T12:05:08.647Z INFO  [object Object] []
2024-06-13T12:05:18.350Z INFO  [object Object] []
2024-06-13T12:05:21.906Z INFO  [object Object] []
2024-06-13T12:05:25.948Z INFO  [object Object] []
2024-06-13T12:05:30.374Z INFO  [object Object] []
2024-06-13T12:05:30.925Z INFO  [object Object] []
2024-06-13T12:05:39.101Z INFO  [object Object] []
2024-06-13T12:05:58.416Z INFO  [object Object] []
2024-06-13T12:06:06.914Z INFO  [object Object] []
2024-06-13T12:06:14.490Z INFO  [object Object] []
2024-06-13T12:06:19.131Z INFO  [object Object] []
2024-06-13T12:10:21.839Z INFO  Buy strategy  is Initail Volume Zero []
2024-06-13T12:10:21.844Z DEBUG wallet 3r5pHeojN6rRqT3iacTb31VT2oZp5jyChCthgPQxvxmf []
2024-06-13T12:10:25.679Z INFO  [object Object] []
2024-06-13T12:10:25.680Z INFO  initialBuy is zero C5EXRGxPW54DfH9M8kykfzTjoe7nv65GAG8toeFnpump  initialBuy 10000000 []
2024-06-13T12:10:25.681Z INFO  Successfully Parsed Token Data using constructor from new Mint Info [object Object] []
2024-06-13T12:10:26.620Z INFO  Success Setting Token Info []
2024-06-13T12:10:26.624Z INFO  create_associated_token_account recieved in subscribeAppEvents []
2024-06-13T12:10:28.223Z ERROR error creating associated token from helius sdk Trying with QuickNode []
2024-06-13T12:10:43.487Z INFO  [object Object] []
2024-06-13T12:10:43.507Z INFO  [object Object] []
2024-06-13T12:10:48.802Z DEBUG execute_buy_trade recieved in subscribeAppEvents []
2024-06-13T12:10:49.883Z ERROR Error in buying Token from Pump [{"logs":["Program 6EF8rrecthR5Dkzon8Nwu78hRvfCKubJ14M5uBEwF6P invoke [1]","Program log: Instruction: Buy","Program log: AnchorError thrown in programs/pump/src/lib.rs:136. Error Code: TooMuchSolRequired. Error Number: 6002. Error Message: slippage: Too much SOL required to buy the given amount of tokens..","Program 6EF8rrecthR5Dkzon8Nwu78hRvfCKubJ14M5uBEwF6P consumed 21477 of 200000 compute units","Program 6EF8rrecthR5Dkzon8Nwu78hRvfCKubJ14M5uBEwF6P failed: custom program error: 0x1772"]}]
2024-06-13T12:10:49.883Z INFO  Success Buy Trade []
2024-06-13T12:10:50.633Z INFO  [object Object] []
2024-06-13T12:10:51.484Z ERROR  Failed to get Buy trade information from Signature undefined []
2024-06-13T12:10:51.484Z DEBUG post_buy_trade recieved in subscribeAppEvents []
2024-06-13T12:10:59.607Z INFO  [object Object] []
2024-06-13T12:11:00.148Z INFO  [object Object] []
2024-06-13T12:11:04.379Z INFO  [object Object] []
2024-06-13T12:11:12.593Z INFO  [object Object] []
2024-06-13T12:11:25.383Z INFO  [object Object] []
2024-06-13T12:11:30.074Z INFO  [object Object] []
2024-06-13T12:11:34.985Z INFO  [object Object] []
2024-06-13T12:11:39.593Z INFO  [object Object] []
2024-06-13T12:11:46.617Z INFO  [object Object] []
2024-06-13T12:11:53.961Z INFO  [object Object] []
2024-06-13T12:11:55.496Z INFO  [object Object] []
2024-06-13T12:12:09.119Z INFO  [object Object] []
2024-06-13T12:12:09.944Z INFO  [object Object] []
2024-06-13T12:12:17.008Z INFO  [object Object] []
2024-06-13T12:12:17.602Z INFO  [object Object] []
2024-06-13T12:12:24.111Z INFO  [object Object] []
2024-06-13T12:12:35.466Z INFO  [object Object] []
2024-06-13T12:12:41.691Z INFO  [object Object] []
2024-06-13T12:12:45.394Z INFO  [object Object] []
2024-06-13T12:12:45.956Z INFO  [object Object] []
2024-06-13T12:12:46.745Z INFO  [object Object] []
2024-06-13T12:12:53.133Z INFO  [object Object] []
2024-06-13T12:12:53.176Z INFO  [object Object] []
2024-06-13T12:12:56.668Z INFO  [object Object] []
2024-06-13T12:13:11.794Z INFO  [object Object] []
2024-06-13T12:13:11.971Z INFO  [object Object] []
2024-06-13T12:15:29.241Z INFO  Buy strategy  is Initail Volume Zero []
2024-06-13T12:15:29.246Z DEBUG wallet 3r5pHeojN6rRqT3iacTb31VT2oZp5jyChCthgPQxvxmf []
2024-06-13T12:15:33.932Z INFO  [object Object] []
2024-06-13T12:15:33.933Z INFO  initialBuy is zero 7fYvbAJHNjukNdic7ES1ovp9yNhLhq5eoaz59ySupump  initialBuy 82538461.538461 []
2024-06-13T12:15:33.933Z INFO  Successfully Parsed Token Data using constructor from new Mint Info [object Object] []
2024-06-13T12:15:37.644Z INFO  Success Setting Token Info []
2024-06-13T12:15:37.646Z INFO  create_associated_token_account recieved in subscribeAppEvents []
2024-06-13T12:15:39.354Z ERROR error creating associated token from helius sdk Trying with QuickNode []
2024-06-13T12:15:43.115Z INFO  [object Object] []
2024-06-13T12:15:47.692Z ERROR Error creating associated token account from QuickNode [{"name":"TokenAccountNotFoundError"}]
2024-06-13T12:15:47.693Z ERROR error creating associated token from QuickNode Trying with Helius Rpc []
2024-06-13T12:15:47.936Z ERROR Error creating associated token account from Helius [{}]
2024-06-13T12:15:47.936Z ERROR error creating associated token from Helius Rpc []
2024-06-13T12:16:05.455Z INFO  [object Object] []
2024-06-13T12:16:05.457Z INFO  [object Object] []
2024-06-13T12:16:10.832Z INFO  [object Object] []
2024-06-13T12:16:11.290Z INFO  [object Object] []
2024-06-13T12:16:11.704Z INFO  [object Object] []
2024-06-13T12:16:17.327Z INFO  [object Object] []
2024-06-13T12:16:20.219Z INFO  [object Object] []
2024-06-13T12:16:20.796Z INFO  [object Object] []
2024-06-13T12:16:20.815Z INFO  [object Object] []
2024-06-13T12:16:24.936Z INFO  [object Object] []
2024-06-13T12:16:26.404Z INFO  [object Object] []
2024-06-13T12:16:50.394Z INFO  [object Object] []
2024-06-13T12:17:08.337Z INFO  [object Object] []
2024-06-13T12:17:09.347Z INFO  [object Object] []
2024-06-13T12:17:25.562Z INFO  [object Object] []
2024-06-13T12:17:31.721Z INFO  [object Object] []
2024-06-13T12:17:36.701Z INFO  [object Object] []
2024-06-13T12:17:39.031Z INFO  [object Object] []
2024-06-13T12:17:47.590Z INFO  [object Object] []
2024-06-13T12:18:10.374Z INFO  [object Object] []
2024-06-13T12:18:21.014Z INFO  [object Object] []
2024-06-13T12:18:22.608Z INFO  [object Object] []
2024-06-13T12:18:29.019Z INFO  [object Object] []
2024-06-13T12:18:34.476Z INFO  [object Object] []
2024-06-13T12:18:41.212Z INFO  [object Object] []
2024-06-13T12:18:42.933Z INFO  [object Object] []
2024-06-13T12:19:02.285Z INFO  [object Object] []
2024-06-13T12:19:05.378Z INFO  [object Object] []
2024-06-13T12:19:05.449Z INFO  [object Object] []
2024-06-13T12:19:15.775Z INFO  [object Object] []
2024-06-13T12:19:19.573Z INFO  [object Object] []
2024-06-13T12:19:31.057Z INFO  [object Object] []
2024-06-13T12:19:31.067Z INFO  [object Object] []
2024-06-13T12:19:38.382Z INFO  [object Object] []
2024-06-13T12:19:45.169Z INFO  [object Object] []
2024-06-13T12:19:59.177Z INFO  [object Object] []
2024-06-13T12:20:02.120Z INFO  [object Object] []
2024-06-13T12:20:08.652Z INFO  [object Object] []
2024-06-13T12:20:19.320Z INFO  [object Object] []
2024-06-13T12:20:29.846Z INFO  [object Object] []
2024-06-13T12:20:47.525Z INFO  [object Object] []
2024-06-13T12:20:47.714Z INFO  [object Object] []
2024-06-13T12:20:50.328Z INFO  [object Object] []
2024-06-13T12:20:52.185Z INFO  [object Object] []
2024-06-13T12:20:56.089Z INFO  [object Object] []
2024-06-13T12:20:59.388Z INFO  [object Object] []
2024-06-13T12:21:02.165Z INFO  [object Object] []
2024-06-13T12:21:25.703Z INFO  [object Object] []
2024-06-13T12:21:29.596Z INFO  [object Object] []
2024-06-13T12:21:49.801Z INFO  [object Object] []
2024-06-13T12:21:56.826Z INFO  [object Object] []
2024-06-13T12:22:06.547Z INFO  [object Object] []
2024-06-13T12:22:17.084Z INFO  [object Object] []
2024-06-13T12:22:18.662Z INFO  [object Object] []
2024-06-13T12:22:30.896Z INFO  [object Object] []
2024-06-13T12:22:31.346Z INFO  [object Object] []
2024-06-13T12:22:35.299Z INFO  [object Object] []
2024-06-13T12:22:37.316Z INFO  [object Object] []
2024-06-13T12:22:42.237Z INFO  [object Object] []
2024-06-13T12:22:43.385Z INFO  [object Object] []
2024-06-13T12:22:47.840Z INFO  [object Object] []
2024-06-13T12:22:58.859Z INFO  [object Object] []
2024-06-13T12:23:26.282Z INFO  [object Object] []
2024-06-13T12:23:32.669Z INFO  [object Object] []
2024-06-13T12:23:45.854Z INFO  [object Object] []
2024-06-13T12:23:49.779Z INFO  [object Object] []
2024-06-13T12:23:50.983Z INFO  [object Object] []
2024-06-13T12:23:57.628Z INFO  [object Object] []
2024-06-13T12:24:05.605Z INFO  [object Object] []
2024-06-13T12:24:11.872Z INFO  [object Object] []
2024-06-13T12:24:13.189Z INFO  [object Object] []
2024-06-13T12:24:17.114Z INFO  [object Object] []
2024-06-13T12:24:17.995Z INFO  [object Object] []
2024-06-13T12:24:19.030Z INFO  [object Object] []
2024-06-13T12:24:21.459Z INFO  [object Object] []
2024-06-13T12:24:26.098Z INFO  [object Object] []
2024-06-13T12:24:39.540Z INFO  [object Object] []
2024-06-13T12:24:53.640Z INFO  [object Object] []
2024-06-13T12:24:54.378Z INFO  [object Object] []
2024-06-13T12:25:00.298Z INFO  [object Object] []
2024-06-13T12:25:03.852Z INFO  [object Object] []
2024-06-13T13:16:38.218Z INFO  Buy strategy  is Initail Volume Zero []
2024-06-13T13:16:38.224Z DEBUG wallet 3r5pHeojN6rRqT3iacTb31VT2oZp5jyChCthgPQxvxmf []
2024-06-13T13:17:00.729Z INFO  [object Object] []
2024-06-13T13:17:00.732Z INFO  initialBuy is zero CXoJ17c6mYfD39dD2z54MkRBcqm1aPNPTg7vqKnFpump  initialBuy 67062499.999999 []
2024-06-13T13:17:00.732Z INFO  Successfully Parsed Token Data using constructor from new Mint Info [object Object] []
2024-06-13T13:17:00.744Z INFO  [object Object] []
2024-06-13T13:17:00.744Z INFO  initialBuy is not zero EwB7dM5pjMkB2AVEHCjm6qZExct5RSP2idqdpjtGpump  initialBuy 17590163.934426 []
2024-06-13T13:17:02.191Z INFO  Success Setting Token Info []
2024-06-13T13:17:02.195Z INFO  create_associated_token_account recieved in subscribeAppEvents []
2024-06-13T13:17:04.741Z ERROR error creating associated token from helius sdk Trying with QuickNode []
2024-06-13T13:17:04.893Z INFO  [object Object] []
2024-06-13T13:17:08.528Z INFO  [object Object] []
2024-06-13T13:17:21.507Z INFO  [object Object] []
2024-06-13T13:17:27.761Z INFO  [object Object] []
2024-06-13T13:17:34.615Z ERROR Error creating associated token account from QuickNode [{"name":"TokenAccountNotFoundError"}]
2024-06-13T13:17:34.615Z ERROR error creating associated token from QuickNode Trying with Helius Rpc []
2024-06-13T13:17:34.893Z ERROR Error creating associated token account from Helius [{}]
2024-06-13T13:17:34.894Z ERROR error creating associated token from Helius Rpc []
2024-06-13T13:17:38.707Z INFO  [object Object] []
2024-06-13T13:17:46.209Z INFO  [object Object] []
2024-06-13T13:17:48.454Z INFO  [object Object] []
2024-06-13T13:18:03.642Z INFO  [object Object] []
2024-06-13T13:18:03.647Z INFO  [object Object] []
2024-06-13T13:18:21.051Z INFO  [object Object] []
2024-06-13T13:18:27.110Z INFO  [object Object] []
2024-06-13T13:18:42.398Z INFO  [object Object] []
2024-06-13T13:18:42.405Z INFO  [object Object] []
2024-06-13T13:18:47.741Z INFO  [object Object] []
2024-06-13T13:18:53.887Z INFO  [object Object] []
2024-06-13T13:18:54.985Z INFO  [object Object] []
2024-06-13T13:19:07.040Z INFO  [object Object] []
2024-06-13T13:19:12.611Z INFO  [object Object] []
2024-06-13T13:19:12.618Z INFO  [object Object] []
2024-06-13T13:19:13.167Z INFO  [object Object] []
2024-06-13T13:25:41.463Z INFO  Buy strategy  is Initail Volume Zero []
2024-06-13T13:25:41.467Z DEBUG wallet 3r5pHeojN6rRqT3iacTb31VT2oZp5jyChCthgPQxvxmf []
2024-06-13T13:25:44.347Z INFO  [object Object] []
2024-06-13T13:25:44.349Z INFO  initialBuy is zero FKdDsxMnEw7hKdCAd3mcRFfWpoLQn8mt9nz3dtBoxEv7  initialBuy 34612903.225806 []
2024-06-13T13:25:44.349Z INFO  Successfully Parsed Token Data using constructor from new Mint Info [object Object] []
2024-06-13T13:25:44.666Z INFO  [object Object] []
2024-06-13T13:25:44.667Z INFO  initialBuy is not zero DuxVLMygCmjfqfTpbCZGAsyJDNBA6k9j62vSVhBfpump  initialBuy 9219431.592861 []
2024-06-13T13:25:44.905Z INFO  Success Setting Token Info []
2024-06-13T13:25:44.906Z INFO  create_associated_token_account recieved in subscribeAppEvents []
2024-06-13T13:25:46.806Z ERROR error creating associated token from helius sdk Trying with QuickNode []
2024-06-13T13:25:48.856Z INFO  [object Object] []
2024-06-13T13:25:51.330Z INFO  [object Object] []
2024-06-13T13:26:09.935Z INFO  [object Object] []
2024-06-13T13:26:09.971Z INFO  [object Object] []
2024-06-13T13:26:22.587Z INFO  [object Object] []
2024-06-13T13:26:27.872Z INFO  [object Object] []
2024-06-13T13:26:30.588Z INFO  [object Object] []
2024-06-13T13:26:32.670Z INFO  [object Object] []
2024-06-13T13:26:38.225Z INFO  [object Object] []
2024-06-13T13:26:38.275Z INFO  [object Object] []
2024-06-13T13:26:40.894Z INFO  [object Object] []
2024-06-13T13:26:43.565Z INFO  [object Object] []
2024-06-13T13:26:47.664Z INFO  [object Object] []
2024-06-13T13:26:49.999Z INFO  [object Object] []
2024-06-13T13:26:58.304Z INFO  [object Object] []
2024-06-13T13:27:00.696Z INFO  [object Object] []
2024-06-13T13:27:06.362Z INFO  [object Object] []
2024-06-13T13:27:07.793Z INFO  [object Object] []
2024-06-13T13:27:08.675Z INFO  [object Object] []
2024-06-13T13:27:12.891Z INFO  [object Object] []
2024-06-13T13:27:13.701Z INFO  [object Object] []
2024-06-13T13:27:13.706Z INFO  [object Object] []
2024-06-13T13:27:18.880Z INFO  [object Object] []
2024-06-13T13:27:21.985Z INFO  [object Object] []
2024-06-13T13:27:26.240Z INFO  [object Object] []
2024-06-13T13:27:26.244Z INFO  [object Object] []
2024-06-13T13:27:31.782Z INFO  [object Object] []
2024-06-13T13:27:33.044Z INFO  [object Object] []
2024-06-13T13:27:41.106Z INFO  [object Object] []
2024-06-13T13:27:55.320Z INFO  [object Object] []
2024-06-13T13:27:55.913Z INFO  [object Object] []
2024-06-13T13:27:58.796Z ERROR Error creating associated token account from QuickNode [{"name":"TokenAccountNotFoundError"}]
2024-06-13T13:27:58.797Z ERROR error creating associated token from QuickNode Trying with Helius Rpc []
2024-06-13T13:27:59.133Z ERROR Error creating associated token account from Helius [{}]
2024-06-13T13:27:59.134Z ERROR error creating associated token from Helius Rpc []
2024-06-13T13:28:00.841Z INFO  [object Object] []
2024-06-13T13:28:08.805Z INFO  [object Object] []
2024-06-13T13:28:11.147Z INFO  [object Object] []
2024-06-13T13:28:43.334Z INFO  [object Object] []
2024-06-13T13:28:49.061Z INFO  [object Object] []
2024-06-13T13:28:53.872Z INFO  [object Object] []
2024-06-13T13:29:04.480Z INFO  [object Object] []
2024-06-13T13:29:21.496Z INFO  [object Object] []
2024-06-13T13:29:32.364Z INFO  [object Object] []
2024-06-13T13:29:38.268Z INFO  [object Object] []
2024-06-13T13:29:40.917Z INFO  [object Object] []
2024-06-13T13:29:50.848Z INFO  [object Object] []
2024-06-13T13:29:56.446Z INFO  [object Object] []
2024-06-13T13:29:56.463Z INFO  [object Object] []
2024-06-13T13:30:02.278Z INFO  [object Object] []
2024-06-13T13:30:06.821Z INFO  [object Object] []
2024-06-13T13:30:07.659Z INFO  [object Object] []
2024-06-13T13:30:21.134Z INFO  [object Object] []
2024-06-13T13:30:26.419Z INFO  [object Object] []
2024-06-13T13:30:28.369Z INFO  [object Object] []
2024-06-13T13:30:35.865Z INFO  [object Object] []
2024-06-13T13:30:41.664Z INFO  [object Object] []
2024-06-13T13:30:41.672Z INFO  [object Object] []
2024-06-13T13:30:42.146Z INFO  [object Object] []
2024-06-13T13:30:44.732Z INFO  [object Object] []
2024-06-13T13:30:45.439Z INFO  [object Object] []
2024-06-13T13:31:01.156Z INFO  [object Object] []
2024-06-13T13:31:04.286Z INFO  [object Object] []
2024-06-13T13:31:05.626Z INFO  [object Object] []
2024-06-13T13:31:07.675Z INFO  [object Object] []
2024-06-13T13:31:15.284Z INFO  [object Object] []
2024-06-13T13:31:15.902Z INFO  [object Object] []
2024-06-13T13:31:25.134Z INFO  [object Object] []
2024-06-13T13:31:35.701Z INFO  [object Object] []
2024-06-13T13:31:37.775Z INFO  [object Object] []
2024-06-13T13:31:38.676Z INFO  [object Object] []
2024-06-13T13:31:44.284Z INFO  [object Object] []
2024-06-13T13:31:48.869Z INFO  [object Object] []
2024-06-13T13:31:57.346Z INFO  [object Object] []
2024-06-13T13:32:01.003Z INFO  [object Object] []
2024-06-13T13:32:04.367Z INFO  [object Object] []
2024-06-13T13:32:04.821Z INFO  [object Object] []
2024-06-13T13:32:10.300Z INFO  [object Object] []
2024-06-13T13:32:10.330Z INFO  [object Object] []
2024-06-13T13:32:10.331Z INFO  [object Object] []
2024-06-13T13:32:10.333Z INFO  [object Object] []
2024-06-13T13:32:13.824Z INFO  [object Object] []
2024-06-13T13:32:15.135Z INFO  [object Object] []
2024-06-13T13:32:28.229Z INFO  [object Object] []
2024-06-13T13:32:45.162Z INFO  [object Object] []
2024-06-13T13:32:47.012Z INFO  [object Object] []
2024-06-13T13:32:59.995Z INFO  [object Object] []
2024-06-13T13:33:05.976Z INFO  [object Object] []
2024-06-13T13:33:16.966Z INFO  [object Object] []
2024-06-13T13:33:22.130Z INFO  [object Object] []
2024-06-13T13:33:27.929Z INFO  [object Object] []
2024-06-13T13:33:36.741Z INFO  [object Object] []
2024-06-13T13:33:43.088Z INFO  [object Object] []
2024-06-13T13:33:43.540Z INFO  [object Object] []
2024-06-13T13:33:51.541Z INFO  [object Object] []
2024-06-13T13:33:56.920Z INFO  [object Object] []
2024-06-13T13:34:12.522Z INFO  Buy strategy  is Initail Volume Zero []
2024-06-13T13:34:12.527Z DEBUG wallet 3r5pHeojN6rRqT3iacTb31VT2oZp5jyChCthgPQxvxmf []
2024-06-13T13:34:22.091Z INFO  [object Object] []
2024-06-13T13:34:22.092Z INFO  initialBuy is zero D8M1Updwnft1LtMWh1NmU5Gza4EamSvTkZ2zXCJFpump  initialBuy 429199999.999999 []
2024-06-13T13:34:22.093Z INFO  Successfully Parsed Token Data using constructor from new Mint Info [object Object] []
2024-06-13T13:34:24.137Z INFO  Success Setting Token Info []
2024-06-13T13:34:24.137Z INFO  create_associated_token_account recieved in subscribeAppEvents []
2024-06-13T13:34:26.161Z ERROR error creating associated token from helius sdk Trying with QuickNode []
2024-06-13T13:34:26.991Z INFO  [object Object] []
2024-06-13T13:34:29.797Z INFO  [object Object] []
2024-06-13T13:34:33.032Z INFO  [object Object] []
2024-06-13T13:34:35.552Z INFO  [object Object] []
2024-06-13T13:34:39.752Z INFO  [object Object] []
2024-06-13T13:34:41.073Z INFO  [object Object] []
2024-06-13T13:34:43.921Z INFO  [object Object] []
2024-06-13T13:34:44.546Z ERROR Error creating associated token account from QuickNode [{"name":"TokenAccountNotFoundError"}]
2024-06-13T13:34:44.547Z ERROR error creating associated token from QuickNode Trying with Helius Rpc []
2024-06-13T13:34:44.841Z ERROR Error creating associated token account from Helius [{}]
2024-06-13T13:34:44.841Z ERROR error creating associated token from Helius Rpc []
2024-06-13T13:34:45.034Z INFO  [object Object] []
2024-06-13T13:34:48.557Z INFO  [object Object] []
2024-06-13T13:34:58.857Z INFO  [object Object] []
2024-06-13T13:35:05.126Z INFO  [object Object] []
2024-06-13T13:35:17.072Z INFO  [object Object] []
2024-06-13T13:35:17.464Z INFO  [object Object] []
2024-06-13T13:35:21.582Z INFO  [object Object] []
2024-06-13T13:35:31.807Z INFO  [object Object] []
2024-06-13T13:35:34.866Z INFO  [object Object] []
2024-06-13T13:35:40.763Z INFO  [object Object] []
2024-06-13T13:35:44.787Z INFO  [object Object] []
2024-06-13T13:35:46.160Z INFO  [object Object] []
2024-06-13T13:35:48.549Z INFO  [object Object] []
2024-06-13T13:35:50.089Z INFO  [object Object] []
2024-06-13T13:35:56.788Z INFO  [object Object] []
2024-06-13T13:36:03.158Z INFO  [object Object] []
2024-06-13T13:36:04.492Z INFO  [object Object] []
2024-06-13T13:36:05.003Z INFO  [object Object] []
2024-06-13T13:36:05.011Z INFO  [object Object] []
2024-06-13T13:36:14.656Z INFO  [object Object] []
2024-06-13T13:36:16.617Z INFO  [object Object] []
2024-06-13T13:36:28.029Z INFO  [object Object] []
2024-06-13T13:36:31.240Z INFO  [object Object] []
2024-06-13T13:36:31.668Z INFO  [object Object] []
2024-06-13T13:36:50.178Z INFO  [object Object] []
2024-06-13T13:36:55.193Z INFO  [object Object] []
2024-06-13T13:37:00.665Z INFO  [object Object] []
2024-06-13T13:37:00.669Z INFO  [object Object] []
2024-06-13T13:37:02.959Z INFO  [object Object] []
2024-06-13T13:37:07.751Z INFO  [object Object] []
2024-06-13T13:37:13.048Z INFO  [object Object] []
2024-06-13T13:37:30.856Z INFO  [object Object] []
2024-06-13T13:37:32.675Z INFO  [object Object] []
2024-06-13T13:37:40.888Z INFO  [object Object] []
2024-06-13T13:37:43.155Z INFO  [object Object] []
2024-06-13T13:37:53.243Z INFO  [object Object] []
2024-06-13T13:38:04.338Z INFO  [object Object] []
2024-06-13T13:38:09.984Z INFO  [object Object] []
2024-06-13T13:38:13.248Z INFO  [object Object] []
2024-06-13T13:38:16.611Z INFO  [object Object] []
2024-06-13T13:38:20.388Z INFO  [object Object] []
2024-06-13T13:38:26.518Z INFO  [object Object] []
2024-06-13T13:38:39.594Z INFO  [object Object] []
2024-06-13T13:38:39.642Z INFO  [object Object] []
2024-06-13T13:38:46.675Z INFO  [object Object] []
2024-06-13T13:39:05.759Z INFO  [object Object] []
2024-06-13T13:39:11.740Z INFO  [object Object] []
2024-06-13T13:39:19.167Z INFO  [object Object] []
2024-06-13T13:39:52.913Z INFO  [object Object] []
2024-06-13T13:39:52.918Z INFO  [object Object] []
2024-06-13T13:39:55.679Z INFO  [object Object] []
2024-06-13T13:41:18.693Z INFO  Buy strategy  is Initail Volume Zero []
2024-06-13T13:41:18.698Z DEBUG wallet 3r5pHeojN6rRqT3iacTb31VT2oZp5jyChCthgPQxvxmf []
2024-06-13T13:41:20.857Z INFO  [object Object] []
2024-06-13T13:41:20.858Z INFO  initialBuy is zero 7hRr3V9b6bJExBW6vTie9CUzQgEv6oQD4fwaT18npump  initialBuy 63909090.90909 []
2024-06-13T13:41:20.858Z INFO  Successfully Parsed Token Data using constructor from new Mint Info [object Object] []
2024-06-13T13:41:22.408Z INFO  Success Setting Token Info []
2024-06-13T13:41:22.410Z INFO  create_associated_token_account recieved in subscribeAppEvents []
2024-06-13T13:45:01.255Z INFO  [object Object] []
2024-06-13T13:45:01.256Z INFO  [object Object] []
2024-06-13T13:45:01.256Z INFO  [object Object] []
2024-06-13T13:45:01.269Z INFO  [object Object] []
2024-06-13T13:45:01.270Z INFO  [object Object] []
2024-06-13T13:45:01.272Z INFO  [object Object] []
2024-06-13T13:45:01.273Z INFO  [object Object] []
2024-06-13T13:45:01.274Z INFO  [object Object] []
2024-06-13T13:46:05.737Z ERROR error creating associated token from helius sdk Trying with QuickNode []
2024-06-13T13:46:28.508Z ERROR Error creating associated token account from QuickNode [{"name":"TokenAccountNotFoundError"}]
2024-06-13T13:46:28.508Z ERROR error creating associated token from QuickNode Trying with Helius Rpc []
2024-06-13T13:46:28.653Z ERROR Error creating associated token account from Helius [{}]
2024-06-13T13:46:28.653Z ERROR error creating associated token from Helius Rpc []
2024-06-14T13:10:08.649Z INFO  Buy strategy  is Initail Volume Zero []
2024-06-14T13:10:08.654Z DEBUG wallet 3r5pHeojN6rRqT3iacTb31VT2oZp5jyChCthgPQxvxmf []
2024-06-14T13:10:24.985Z INFO  [object Object] []
2024-06-14T13:10:24.988Z INFO  initialBuy is zero CKgTKd2DL2NaSLm34yiXS27tqZRGzkUsTnYbE6Lgpump  initialBuy 51095238.095238 []
2024-06-14T13:10:24.988Z INFO  Successfully Parsed Token Data using constructor from new Mint Info [object Object] []
2024-06-14T13:10:26.107Z INFO  Success Setting Token Info []
2024-06-14T13:10:26.109Z INFO  create_associated_token_account recieved in subscribeAppEvents []
2024-06-14T13:10:32.307Z INFO  [object Object] []
2024-06-14T13:10:34.458Z ERROR error creating associated token from helius sdk Trying with QuickNode []
2024-06-14T13:10:37.734Z INFO  [object Object] []
2024-06-14T13:10:40.898Z INFO  [object Object] []
2024-06-14T13:10:41.155Z INFO  [object Object] []
2024-06-14T13:10:50.630Z INFO  [object Object] []
2024-06-14T13:11:05.050Z INFO  [object Object] []
2024-06-14T13:11:11.125Z INFO  [object Object] []
2024-06-14T13:11:13.358Z INFO  [object Object] []
2024-06-14T13:11:18.307Z INFO  [object Object] []
2024-06-14T13:11:18.750Z INFO  [object Object] []
2024-06-14T13:11:40.951Z INFO  [object Object] []
2024-06-14T13:11:40.953Z INFO  [object Object] []
2024-06-14T13:11:40.954Z INFO  [object Object] []
2024-06-14T13:11:40.954Z INFO  [object Object] []
2024-06-14T13:11:40.960Z DEBUG execute_buy_trade recieved in subscribeAppEvents []
2024-06-14T13:14:09.362Z INFO  [object Object] []
2024-06-14T13:14:09.369Z INFO  [object Object] []
2024-06-14T13:14:09.369Z INFO  [object Object] []
2024-06-14T13:14:09.370Z INFO  [object Object] []
2024-06-14T13:14:10.387Z ERROR Error in buying Token from Pump [{"logs":["Program 6EF8rrecthR5Dkzon8Nwu78hRvfCKubJ14M5uBEwF6P invoke [1]","Program log: Instruction: Buy","Program log: AnchorError thrown in programs/pump/src/lib.rs:136. Error Code: TooMuchSolRequired. Error Number: 6002. Error Message: slippage: Too much SOL required to buy the given amount of tokens..","Program 6EF8rrecthR5Dkzon8Nwu78hRvfCKubJ14M5uBEwF6P consumed 27477 of 200000 compute units","Program 6EF8rrecthR5Dkzon8Nwu78hRvfCKubJ14M5uBEwF6P failed: custom program error: 0x1772"]}]
2024-06-14T13:30:51.774Z INFO  Success Buy Trade []
2024-06-14T13:30:52.671Z ERROR  Failed to get Buy trade information from Signature undefined []
2024-06-14T13:30:52.671Z DEBUG post_buy_trade recieved in subscribeAppEvents []
2024-06-14T13:31:14.746Z INFO  Buy strategy  is Initail Volume Zero []
2024-06-14T13:31:14.752Z DEBUG wallet 3r5pHeojN6rRqT3iacTb31VT2oZp5jyChCthgPQxvxmf []
2024-06-14T13:31:23.151Z INFO  [object Object] []
2024-06-14T13:31:23.153Z INFO  initialBuy is zero 2BhDkPcXwioRMJ76yoT29y9b7iXKBVhdJNSpwTojpump  initialBuy 34612903.225806 []
2024-06-14T13:31:23.154Z INFO  Successfully Parsed Token Data using constructor from new Mint Info [object Object] []
2024-06-14T13:31:23.988Z INFO  Success Setting Token Info []
2024-06-14T13:31:23.990Z INFO  create_associated_token_account recieved in subscribeAppEvents []
2024-06-14T13:32:30.895Z INFO  [object Object] []
2024-06-14T13:32:30.902Z INFO  [object Object] []
2024-06-14T13:32:30.903Z INFO  [object Object] []
2024-06-14T13:32:30.904Z INFO  [object Object] []
2024-06-14T13:32:30.904Z INFO  [object Object] []
2024-06-14T13:33:15.369Z ERROR error creating associated token from helius sdk Trying with QuickNode []
2024-06-14T13:36:02.492Z DEBUG execute_buy_trade recieved in subscribeAppEvents []
2024-06-14T13:37:01.936Z ERROR Error in buying Token from Pump [{"logs":["Program 6EF8rrecthR5Dkzon8Nwu78hRvfCKubJ14M5uBEwF6P invoke [1]","Program log: Instruction: Buy","Program log: AnchorError thrown in programs/pump/src/lib.rs:136. Error Code: TooMuchSolRequired. Error Number: 6002. Error Message: slippage: Too much SOL required to buy the given amount of tokens..","Program 6EF8rrecthR5Dkzon8Nwu78hRvfCKubJ14M5uBEwF6P consumed 25977 of 200000 compute units","Program 6EF8rrecthR5Dkzon8Nwu78hRvfCKubJ14M5uBEwF6P failed: custom program error: 0x1772"]}]
2024-06-14T13:39:53.404Z INFO  Buy strategy  is Initail Volume Zero []
2024-06-14T13:39:53.410Z DEBUG wallet 3r5pHeojN6rRqT3iacTb31VT2oZp5jyChCthgPQxvxmf []
2024-06-14T13:39:54.451Z INFO  [object Object] []
2024-06-14T13:39:54.452Z INFO  initialBuy is zero GvpAxxd75qndGEunVU8rk3CnZonS9b13nBDjNQ7Xpump  initialBuy 268249999.999999 []
2024-06-14T13:39:54.453Z INFO  Successfully Parsed Token Data using constructor from new Mint Info [object Object] []
2024-06-14T13:39:55.390Z INFO  Success Setting Token Info []
2024-06-14T13:39:55.392Z INFO  create_associated_token_account recieved in subscribeAppEvents []
2024-06-14T13:41:04.260Z INFO  [object Object] []
2024-06-14T13:41:04.263Z INFO  [object Object] []
2024-06-14T13:41:04.263Z INFO  [object Object] []
2024-06-14T13:41:04.264Z INFO  [object Object] []
2024-06-14T13:41:04.264Z INFO  [object Object] []
2024-06-14T13:41:04.265Z INFO  [object Object] []
2024-06-14T13:41:04.265Z INFO  [object Object] []
2024-06-14T13:41:43.408Z ERROR error creating associated token from helius sdk Trying with QuickNode []
2024-06-14T13:42:01.385Z DEBUG execute_buy_trade recieved in subscribeAppEvents []
2024-06-14T13:49:40.587Z INFO  Buy strategy  is Initail Volume Zero []
2024-06-14T13:49:40.592Z DEBUG wallet 3r5pHeojN6rRqT3iacTb31VT2oZp5jyChCthgPQxvxmf []
2024-06-14T13:49:41.702Z INFO  [object Object] []
2024-06-14T13:49:41.703Z INFO  initialBuy is zero G8NhLiD3CdrecfGsj81MxiiFSLN5SWR4uXNf5MTDpump  initialBuy 44565495.207667 []
2024-06-14T13:49:41.704Z INFO  Successfully Parsed Token Data using constructor from new Mint Info [object Object] []
2024-06-14T13:49:41.839Z INFO  [object Object] []
2024-06-14T13:49:41.840Z INFO  initialBuy is not zero HKNPZ86JSrAKMKGZyC9tw8ji8XXuxmkrdnRVx6kApump  initialBuy 153285714.285714 []
2024-06-14T13:49:42.670Z INFO  Success Setting Token Info []
2024-06-14T13:49:42.672Z INFO  create_associated_token_account recieved in subscribeAppEvents []
2024-06-14T13:50:46.503Z INFO  [object Object] []
2024-06-14T13:50:46.505Z INFO  [object Object] []
2024-06-14T13:50:46.505Z INFO  [object Object] []
2024-06-14T13:50:46.506Z INFO  [object Object] []
2024-06-14T13:50:46.507Z INFO  [object Object] []
2024-06-14T13:50:46.507Z INFO  [object Object] []
2024-06-14T13:51:51.915Z ERROR error creating associated token from helius sdk Trying with QuickNode []
2024-06-14T13:57:18.864Z INFO  Buy strategy  is Initail Volume Zero []
2024-06-14T13:57:18.870Z DEBUG wallet 3r5pHeojN6rRqT3iacTb31VT2oZp5jyChCthgPQxvxmf []
2024-06-14T13:57:25.246Z INFO  [object Object] []
2024-06-14T13:57:25.248Z INFO  initialBuy is zero 2hBVcPiRQDnnSNCdLQP5715oNC1Wuev3jLrAeJPkpump  initialBuy 60735849.056603 []
2024-06-14T13:59:58.091Z INFO  Buy strategy  is Initail Volume Zero []
2024-06-14T13:59:58.096Z DEBUG wallet 3r5pHeojN6rRqT3iacTb31VT2oZp5jyChCthgPQxvxmf []
2024-06-14T13:59:59.925Z INFO  [object Object] []
2024-06-14T13:59:59.926Z INFO  initialBuy is zero FuJfuDFC1NRBST9SbEeVfWZoy9Y5YECE9ELwfaUitxZZ  initialBuy 7105960.2649 []
